[WARN][Thread-0][2017-11-06 19:15:27][com.gargoylesoftware.htmlunit.IncorrectnessListenerImpl] - Obsolete content type encountered: 'application/x-javascript'.
[WARN][Thread-0][2017-11-06 19:15:27][com.gargoylesoftware.htmlunit.IncorrectnessListenerImpl] - Obsolete content type encountered: 'application/x-javascript'.
[WARN][Thread-0][2017-11-06 19:15:27][com.gargoylesoftware.htmlunit.html.HtmlScript] - Script is not JavaScript (type: text/juicer, language: ). Skipping execution.
[WARN][Thread-0][2017-11-06 19:15:27][com.gargoylesoftware.htmlunit.IncorrectnessListenerImpl] - Obsolete content type encountered: 'application/x-javascript'.
[WARN][Thread-0][2017-11-06 19:15:28][com.gargoylesoftware.htmlunit.IncorrectnessListenerImpl] - Obsolete content type encountered: 'application/x-javascript'.
[WARN][Thread-0][2017-11-06 19:15:28][com.gargoylesoftware.htmlunit.IncorrectnessListenerImpl] - Obsolete content type encountered: 'application/x-javascript'.
[WARN][Thread-0][2017-11-06 19:15:28][com.gargoylesoftware.htmlunit.IncorrectnessListenerImpl] - Obsolete content type encountered: 'application/x-javascript'.
[ERROR][Thread-0][2017-11-06 19:15:28][com.gargoylesoftware.htmlunit.javascript.StrictErrorReporter] - runtimeError: message=[An invalid or illegal selector was specified (selector: '*,:x' error: Invalid selector: :x).] sourceName=[http://img0.bdstatic.com/static/common/widget/ui/base/base_a66ce51.js] line=[1] lineSource=[null] lineOffset=[0]
[WARN][Thread-0][2017-11-06 19:15:28][com.gargoylesoftware.htmlunit.DefaultCssErrorHandler] - CSS error: 'http://img1.bdstatic.com/static/common/pkg/co_cfd7faf.css' [9:3800] Error in declaration. '*' is not allowed as first char of a property.
[WARN][Thread-0][2017-11-06 19:15:29][com.gargoylesoftware.htmlunit.DefaultCssErrorHandler] - CSS error: 'http://img1.bdstatic.com/static/searchresult/pkg/result_2109f7c.css' [2:2107] Error in declaration. '*' is not allowed as first char of a property.
[WARN][Thread-0][2017-11-06 19:15:29][com.gargoylesoftware.htmlunit.DefaultCssErrorHandler] - CSS error: 'http://img1.bdstatic.com/static/searchresult/pkg/result_2109f7c.css' [20:292] Invalid color "#bebebe\9".
[WARN][Thread-0][2017-11-06 19:15:29][com.gargoylesoftware.htmlunit.DefaultCssErrorHandler] - CSS error: 'http://img1.bdstatic.com/static/searchresult/pkg/result_2109f7c.css' [20:597] Error in expression. (Invalid token ".". Was expecting one of: <S>, <NUMBER>, "inherit", <IDENT>, <STRING>, ")", ":", "-", "=", <PLUS>, <COMMA>, <HASH>, <EMS>, <EXS>, <LENGTH_PX>, <LENGTH_CM>, <LENGTH_MM>, <LENGTH_IN>, <LENGTH_PT>, <LENGTH_PC>, <ANGLE_DEG>, <ANGLE_RAD>, <ANGLE_GRAD>, <TIME_MS>, <TIME_S>, <FREQ_HZ>, <FREQ_KHZ>, <RESOLUTION_DPI>, <RESOLUTION_DPCM>, <PERCENTAGE>, <DIMENSION>, <UNICODE_RANGE>, <URI>, <FUNCTION>, "progid:".)
[WARN][Thread-0][2017-11-06 19:15:29][com.gargoylesoftware.htmlunit.DefaultCssErrorHandler] - CSS error: 'http://img1.bdstatic.com/static/searchresult/pkg/result_2109f7c.css' [28:222] Error in declaration. '*' is not allowed as first char of a property.
[WARN][Thread-0][2017-11-06 19:15:29][com.gargoylesoftware.htmlunit.DefaultCssErrorHandler] - CSS error: 'http://img1.bdstatic.com/static/searchresult/pkg/result_2109f7c.css' [32:47] Invalid color "#ccc\9".
[WARN][Thread-0][2017-11-06 19:15:29][com.gargoylesoftware.htmlunit.DefaultCssErrorHandler] - CSS error: 'http://img1.bdstatic.com/static/searchresult/pkg/result_2109f7c.css' [36:542] Invalid color "#e6e6e6\9".
[WARN][Thread-0][2017-11-06 19:15:29][com.gargoylesoftware.htmlunit.DefaultCssErrorHandler] - CSS error: 'http://img1.bdstatic.com/static/searchresult/pkg/result_2109f7c.css' [40:3777] Error in declaration. (Invalid token ".2". Was expecting one of: <S>, ":".)
[WARN][Thread-0][2017-11-06 19:15:29][com.gargoylesoftware.htmlunit.DefaultCssErrorHandler] - CSS error: 'http://img1.bdstatic.com/static/searchresult/pkg/result_2109f7c.css' [42:272] Error in declaration. '*' is not allowed as first char of a property.
[WARN][Thread-0][2017-11-06 19:15:29][com.gargoylesoftware.htmlunit.DefaultCssErrorHandler] - CSS error: 'http://img1.bdstatic.com/static/searchresult/pkg/result_2109f7c.css' [42:880] Error in declaration. '*' is not allowed as first char of a property.
[WARN][Thread-0][2017-11-06 19:15:29][com.gargoylesoftware.htmlunit.DefaultCssErrorHandler] - CSS error: 'http://img1.bdstatic.com/static/searchresult/pkg/result_2109f7c.css' [42:2924] Error in declaration. '*' is not allowed as first char of a property.
[WARN][Thread-0][2017-11-06 19:15:29][com.gargoylesoftware.htmlunit.DefaultCssErrorHandler] - CSS error: 'http://img1.bdstatic.com/static/searchresult/pkg/result_2109f7c.css' [52:1608] Error in declaration. '*' is not allowed as first char of a property.
[WARN][Thread-0][2017-11-06 19:15:29][com.gargoylesoftware.htmlunit.DefaultCssErrorHandler] - CSS error: 'http://img1.bdstatic.com/static/searchresult/pkg/result_2109f7c.css' [52:3825] Error in declaration. '*' is not allowed as first char of a property.
[WARN][Thread-0][2017-11-06 19:15:29][com.gargoylesoftware.htmlunit.DefaultCssErrorHandler] - CSS error: 'http://img1.bdstatic.com/static/searchresult/pkg/result_2109f7c.css' [52:3894] Error in declaration. '*' is not allowed as first char of a property.
[WARN][Thread-0][2017-11-06 19:15:29][com.gargoylesoftware.htmlunit.DefaultCssErrorHandler] - CSS error: 'http://img1.bdstatic.com/static/searchresult/pkg/result_2109f7c.css' [54:1624] Error in declaration. '*' is not allowed as first char of a property.
[WARN][Thread-0][2017-11-06 19:15:29][com.gargoylesoftware.htmlunit.DefaultCssErrorHandler] - CSS error: 'http://img1.bdstatic.com/static/searchresult/pkg/result_2109f7c.css' [54:5494] Error in declaration. '*' is not allowed as first char of a property.
[WARN][Thread-0][2017-11-06 19:15:29][com.gargoylesoftware.htmlunit.DefaultCssErrorHandler] - CSS error: 'http://img1.bdstatic.com/static/searchresult/pkg/result_2109f7c.css' [54:5563] Error in declaration. '*' is not allowed as first char of a property.
[WARN][Thread-0][2017-11-06 19:15:29][com.gargoylesoftware.htmlunit.DefaultCssErrorHandler] - CSS error: 'http://img1.bdstatic.com/static/searchresult/pkg/result_2109f7c.css' [84:177] Error in declaration. '*' is not allowed as first char of a property.
[WARN][Thread-0][2017-11-06 19:15:29][com.gargoylesoftware.htmlunit.DefaultCssErrorHandler] - CSS error: 'http://img1.bdstatic.com/static/searchresult/pkg/result_2109f7c.css' [84:202] Error in declaration. '*' is not allowed as first char of a property.
[WARN][Thread-0][2017-11-06 19:15:29][com.gargoylesoftware.htmlunit.DefaultCssErrorHandler] - CSS error: 'http://img1.bdstatic.com/static/searchresult/pkg/result_2109f7c.css' [84:533] Error in declaration. '*' is not allowed as first char of a property.
[WARN][Thread-0][2017-11-06 19:15:29][com.gargoylesoftware.htmlunit.DefaultCssErrorHandler] - CSS error: 'http://img1.bdstatic.com/static/searchresult/pkg/result_2109f7c.css' [84:567] Error in declaration. '*' is not allowed as first char of a property.
[WARN][Thread-0][2017-11-06 19:15:29][com.gargoylesoftware.htmlunit.DefaultCssErrorHandler] - CSS error: 'http://img1.bdstatic.com/static/searchresult/pkg/result_2109f7c.css' [88:1110] Error in expression. (Invalid token ".". Was expecting one of: <S>, <NUMBER>, "inherit", <IDENT>, <STRING>, ")", ":", "-", "=", <PLUS>, <COMMA>, <HASH>, <EMS>, <EXS>, <LENGTH_PX>, <LENGTH_CM>, <LENGTH_MM>, <LENGTH_IN>, <LENGTH_PT>, <LENGTH_PC>, <ANGLE_DEG>, <ANGLE_RAD>, <ANGLE_GRAD>, <TIME_MS>, <TIME_S>, <FREQ_HZ>, <FREQ_KHZ>, <RESOLUTION_DPI>, <RESOLUTION_DPCM>, <PERCENTAGE>, <DIMENSION>, <UNICODE_RANGE>, <URI>, <FUNCTION>, "progid:".)
[WARN][Thread-0][2017-11-06 19:15:29][com.gargoylesoftware.htmlunit.DefaultCssErrorHandler] - CSS error: 'http://img1.bdstatic.com/static/searchresult/pkg/result_2109f7c.css' [88:1236] Error in expression. (Invalid token ".". Was expecting one of: <S>, <NUMBER>, "inherit", <IDENT>, <STRING>, ")", ":", "-", "=", <PLUS>, <COMMA>, <HASH>, <EMS>, <EXS>, <LENGTH_PX>, <LENGTH_CM>, <LENGTH_MM>, <LENGTH_IN>, <LENGTH_PT>, <LENGTH_PC>, <ANGLE_DEG>, <ANGLE_RAD>, <ANGLE_GRAD>, <TIME_MS>, <TIME_S>, <FREQ_HZ>, <FREQ_KHZ>, <RESOLUTION_DPI>, <RESOLUTION_DPCM>, <PERCENTAGE>, <DIMENSION>, <UNICODE_RANGE>, <URI>, <FUNCTION>, "progid:".)
[WARN][Thread-0][2017-11-06 19:15:29][com.gargoylesoftware.htmlunit.DefaultCssErrorHandler] - CSS error: 'http://img1.bdstatic.com/static/searchresult/pkg/result_2109f7c.css' [90:30] Error in declaration. '*' is not allowed as first char of a property.
[WARN][Thread-0][2017-11-06 19:15:29][com.gargoylesoftware.htmlunit.DefaultCssErrorHandler] - CSS error: 'http://img1.bdstatic.com/static/searchresult/pkg/result_2109f7c.css' [90:46] Error in declaration. '*' is not allowed as first char of a property.
[WARN][Thread-0][2017-11-06 19:15:29][com.gargoylesoftware.htmlunit.DefaultCssErrorHandler] - CSS error: 'http://img1.bdstatic.com/static/searchresult/pkg/result_2109f7c.css' [90:139] Error in declaration. '*' is not allowed as first char of a property.
[WARN][Thread-0][2017-11-06 19:15:29][com.gargoylesoftware.htmlunit.DefaultCssErrorHandler] - CSS error: 'http://img1.bdstatic.com/static/searchresult/pkg/result_2109f7c.css' [98:189] Error in declaration. '*' is not allowed as first char of a property.
[WARN][Thread-0][2017-11-06 19:15:29][com.gargoylesoftware.htmlunit.DefaultCssErrorHandler] - CSS error: 'http://img1.bdstatic.com/static/searchresult/pkg/result_2109f7c.css' [98:235] Error in declaration. '*' is not allowed as first char of a property.
[WARN][Thread-0][2017-11-06 19:15:29][com.gargoylesoftware.htmlunit.DefaultCssErrorHandler] - CSS error: 'http://img1.bdstatic.com/static/searchresult/pkg/result_2109f7c.css' [98:452] Error in declaration. '*' is not allowed as first char of a property.
[WARN][Thread-0][2017-11-06 19:15:29][com.gargoylesoftware.htmlunit.DefaultCssErrorHandler] - CSS error: 'http://img1.bdstatic.com/static/searchresult/pkg/result_2109f7c.css' [104:9] Error in declaration. '*' is not allowed as first char of a property.
[WARN][Thread-0][2017-11-06 19:15:29][com.gargoylesoftware.htmlunit.DefaultCssErrorHandler] - CSS error: 'http://img1.bdstatic.com/static/searchresult/pkg/result_2109f7c.css' [104:339] Error in declaration. '*' is not allowed as first char of a property.
[WARN][Thread-0][2017-11-06 19:15:29][com.gargoylesoftware.htmlunit.DefaultCssErrorHandler] - CSS error: 'http://img1.bdstatic.com/static/searchresult/pkg/result_2109f7c.css' [104:364] Error in declaration. '*' is not allowed as first char of a property.
[WARN][Thread-0][2017-11-06 19:15:29][com.gargoylesoftware.htmlunit.DefaultCssErrorHandler] - CSS error: 'http://img2.bdstatic.com/static/common/widget/loginbar/loginbar_e8a6507.css' [1:71] Invalid color "#000\9".
[WARN][Thread-0][2017-11-06 19:15:29][com.gargoylesoftware.htmlunit.DefaultCssErrorHandler] - CSS error: 'http://img2.bdstatic.com/static/common/widget/loginbar/loginbar_e8a6507.css' [1:230] Error in expression. (Invalid token ".". Was expecting one of: <S>, <NUMBER>, "inherit", <IDENT>, <STRING>, ")", ":", "-", "=", <PLUS>, <COMMA>, <HASH>, <EMS>, <EXS>, <LENGTH_PX>, <LENGTH_CM>, <LENGTH_MM>, <LENGTH_IN>, <LENGTH_PT>, <LENGTH_PC>, <ANGLE_DEG>, <ANGLE_RAD>, <ANGLE_GRAD>, <TIME_MS>, <TIME_S>, <FREQ_HZ>, <FREQ_KHZ>, <RESOLUTION_DPI>, <RESOLUTION_DPCM>, <PERCENTAGE>, <DIMENSION>, <UNICODE_RANGE>, <URI>, <FUNCTION>, "progid:".)
[WARN][Thread-0][2017-11-06 19:15:29][com.gargoylesoftware.htmlunit.DefaultCssErrorHandler] - CSS error: 'http://img2.bdstatic.com/static/common/widget/loginbar/loginbar_e8a6507.css' [1:1591] Error in style rule. (Invalid token "html". Was expecting one of: <S>, <LBRACE>, ".", ":", "[", <COMMA>, <HASH>, <S>.)
[WARN][Thread-0][2017-11-06 19:15:29][com.gargoylesoftware.htmlunit.DefaultCssErrorHandler] - CSS warning: 'http://img2.bdstatic.com/static/common/widget/loginbar/loginbar_e8a6507.css' [1:1591] Ignoring the following declarations in this rule.
[WARN][Thread-0][2017-11-06 19:15:31][com.gargoylesoftware.htmlunit.DefaultCssErrorHandler] - CSS error: 'http://image.baidu.com/search/index?tn=baiduimage&ps=1&ct=201326592&lm=-1&cl=2&nc=1&ie=utf-8&word=idea' [1:21984] Duplicate pseudo class ":hover" or pseudo class ":hover" not at end.
[WARN][Thread-0][2017-11-06 19:15:31][com.gargoylesoftware.htmlunit.DefaultCssErrorHandler] - CSS warning: 'http://image.baidu.com/search/index?tn=baiduimage&ps=1&ct=201326592&lm=-1&cl=2&nc=1&ie=utf-8&word=idea' [1:21984] Ignoring the whole rule.
[WARN][Thread-0][2017-11-06 19:15:31][com.gargoylesoftware.htmlunit.DefaultCssErrorHandler] - CSS error: 'http://image.baidu.com/search/index?tn=baiduimage&ps=1&ct=201326592&lm=-1&cl=2&nc=1&ie=utf-8&word=idea' [1:29207] Duplicate pseudo class ":hover" or pseudo class ":hover" not at end.
[WARN][Thread-0][2017-11-06 19:15:31][com.gargoylesoftware.htmlunit.DefaultCssErrorHandler] - CSS warning: 'http://image.baidu.com/search/index?tn=baiduimage&ps=1&ct=201326592&lm=-1&cl=2&nc=1&ie=utf-8&word=idea' [1:29207] Ignoring the whole rule.
[WARN][Thread-0][2017-11-06 19:15:32][com.gargoylesoftware.htmlunit.DefaultCssErrorHandler] - CSS error: 'http://image.baidu.com/search/index?tn=baiduimage&ps=1&ct=201326592&lm=-1&cl=2&nc=1&ie=utf-8&word=idea' [1:29775] Error in expression. (Invalid token " ". Was expecting one of: <NUMBER>, "inherit", <IDENT>, <STRING>, <HASH>, <EMS>, <EXS>, <LENGTH_PX>, <LENGTH_CM>, <LENGTH_MM>, <LENGTH_IN>, <LENGTH_PT>, <LENGTH_PC>, <ANGLE_DEG>, <ANGLE_RAD>, <ANGLE_GRAD>, <TIME_MS>, <TIME_S>, <FREQ_HZ>, <FREQ_KHZ>, <RESOLUTION_DPI>, <RESOLUTION_DPCM>, <PERCENTAGE>, <DIMENSION>, <UNICODE_RANGE>, <URI>, <FUNCTION>, "progid:".)
[WARN][Thread-0][2017-11-06 19:15:32][com.gargoylesoftware.htmlunit.IncorrectnessListenerImpl] - Obsolete content type encountered: 'application/x-javascript'.
[WARN][Thread-0][2017-11-06 19:15:32][com.gargoylesoftware.htmlunit.IncorrectnessListenerImpl] - Obsolete content type encountered: 'application/x-javascript'.
[WARN][Thread-0][2017-11-06 19:15:32][com.gargoylesoftware.htmlunit.IncorrectnessListenerImpl] - Obsolete content type encountered: 'application/x-javascript'.
[WARN][JS executor for com.gargoylesoftware.htmlunit.WebClient@17aad511][2017-11-06 19:15:32][com.gargoylesoftware.htmlunit.IncorrectnessListenerImpl] - Obsolete content type encountered: 'application/x-javascript'.
[WARN][Thread-0][2017-11-06 19:15:32][com.gargoylesoftware.htmlunit.IncorrectnessListenerImpl] - Obsolete content type encountered: 'application/x-javascript'.
[WARN][Thread-0][2017-11-06 19:15:32][com.gargoylesoftware.htmlunit.IncorrectnessListenerImpl] - Obsolete content type encountered: 'application/x-javascript'.
[WARN][Thread-0][2017-11-06 19:15:32][com.gargoylesoftware.htmlunit.IncorrectnessListenerImpl] - Obsolete content type encountered: 'application/x-javascript'.
[WARN][Thread-0][2017-11-06 19:15:32][com.gargoylesoftware.htmlunit.IncorrectnessListenerImpl] - Obsolete content type encountered: 'application/x-javascript'.
[WARN][Thread-0][2017-11-06 19:15:32][com.gargoylesoftware.htmlunit.IncorrectnessListenerImpl] - Obsolete content type encountered: 'application/x-javascript'.
[WARN][Thread-0][2017-11-06 19:15:32][com.gargoylesoftware.htmlunit.IncorrectnessListenerImpl] - Obsolete content type encountered: 'application/x-javascript'.
[WARN][Thread-0][2017-11-06 19:15:32][com.gargoylesoftware.htmlunit.javascript.StrictErrorReporter] - warning: message=[illegal octal literal digit 9; interpreting it as a decimal digit] sourceName=[script in http://image.baidu.com/search/index?tn=baiduimage&ps=1&ct=201326592&lm=-1&cl=2&nc=1&ie=utf-8&word=idea from (894, 9) to (894, 55)] line=[894] lineSource=[ var _trace_page_logid = 0927552925; ] lineOffset=[27]
[WARN][Thread-0][2017-11-06 19:15:32][com.gargoylesoftware.htmlunit.IncorrectnessListenerImpl] - Obsolete content type encountered: 'application/x-javascript'.
